2007.07.01 12:44 B C:\Documents and Settings\Tim\Mijn documenten\Website Underfashion\Website Underfashion.nl\kleuren\kleiner\TWblauw.JPG --> www.underfashion.nl /1135/public_html/kleuren/kleiner TWblauw.JPG
2007.07.01 12:44 B C:\Documents and Settings\Tim\Mijn documenten\Website Underfashion\Website Underfashion.nl\kleuren\kleiner\TWgeel.JPG --> www.underfashion.nl /1135/public_html/kleuren/kleiner TWgeel.JPG
2007.07.01 12:44 B C:\Documents and Settings\Tim\Mijn documenten\Website Underfashion\Website Underfashion.nl\kleuren\kleiner\TWrood.JPG --> www.underfashion.nl /1135/public_html/kleuren/kleiner TWrood.JPG
2007.07.01 12:44 B C:\Documents and Settings\Tim\Mijn documenten\Website Underfashion\Website Underfashion.nl\kleuren\kleiner\TWzwart.JPG --> www.underfashion.nl /1135/public_html/kleuren/kleiner TWzwart.JPG
2007.07.01 14:27 B C:\Documents and Settings\Tim\Mijn documenten\Website Underfashion\Website Underfashion.nl\kleuren\kleiner\TWblack 090.JPG --> www.underfashion.nl /1135/public_html/kleuren/kleiner TWblack 090.JPG
2007.07.01 14:27 B C:\Documents and Settings\Tim\Mijn documenten\Website Underfashion\Website Underfashion.nl\kleuren\kleiner\TWblauw.JPG --> www.underfashion.nl /1135/public_html/kleuren/kleiner TWblauw.JPG
2007.07.01 14:27 B C:\Documents and Settings\Tim\Mijn documenten\Website Underfashion\Website Underfashion.nl\kleuren\kleiner\TWgeel.JPG --> www.underfashion.nl /1135/public_html/kleuren/kleiner TWgeel.JPG
2007.07.01 14:27 B C:\Documents and Settings\Tim\Mijn documenten\Website Underfashion\Website Underfashion.nl\kleuren\kleiner\TWtrue red 082.JPG --> www.underfashion.nl /1135/public_html/kleuren/kleiner TWtrue red 082.JPG
2008.11.07 11:31 B C:\Documents and Settings\Tim\Mijn documenten\Website Sportbehaspecialist\kleuren\kleiner\AEalmond 062.JPG --> www.underfashion.nl.pioneer.hostingxs.nl /domains/underfashion.nl/public_html/kleuren/kleiner AEalmond 062.JPG
2008.11.07 11:31 B C:\Documents and Settings\Tim\Mijn documenten\Website Sportbehaspecialist\kleuren\kleiner\AEalmond 063.JPG --> www.underfashion.nl.pioneer.hostingxs.nl /domains/underfashion.nl/public_html/kleuren/kleiner AEalmond 063.JPG
2008.11.07 11:31 B C:\Documents and Settings\Tim\Mijn documenten\Website Sportbehaspecialist\kleuren\kleiner\AEantraciet 093.JPG --> www.underfashion.nl.pioneer.hostingxs.nl /domains/underfashion.nl/public_html/kleuren/kleiner AEantraciet 093.JPG
2008.11.07 11:31 B C:\Documents and Settings\Tim\Mijn documenten\Website Sportbehaspecialist\kleuren\kleiner\AEaubergine 155.JPG --> www.underfashion.nl.pioneer.hostingxs.nl /domains/underfashion.nl/public_html/kleuren/kleiner AEaubergine 155.JPG
2008.11.07 11:31 B C:\Documents and Settings\Tim\Mijn documenten\Website Sportbehaspecialist\kleuren\kleiner\AEbordeaux 053.JPG --> www.underfashion.nl.pioneer.hostingxs.nl /domains/underfashion.nl/public_html/kleuren/kleiner AEbordeaux 053.JPG
2008.11.07 11:31 B C:\Documents and Settings\Tim\Mijn documenten\Website Sportbehaspecialist\kleuren\kleiner\AEchampagne 060.JPG --> www.underfashion.nl.pioneer.hostingxs.nl /domains/underfashion.nl/public_html/kleuren/kleiner AEchampagne 060.JPG
2008.11.07 11:31 B C:\Documents and Settings\Tim\Mijn documenten\Website Sportbehaspecialist\kleuren\kleiner\AEdonkerbruin 162.JPG --> www.underfashion.nl.pioneer.hostingxs.nl /domains/underfashion.nl/public_html/kleuren/kleiner AEdonkerbruin 162.JPG
2008.11.07 11:31 B C:\Documents and Settings\Tim\Mijn documenten\Website Sportbehaspecialist\kleuren\kleiner\AEdonkerbruin.162.JPG --> www.underfashion.nl.pioneer.hostingxs.nl /domains/underfashion.nl/public_html/kleuren/kleiner AEdonkerbruin.162.JPG
2008.11.07 11:31 B C:\Documents and Settings\Tim\Mijn documenten\Website Sportbehaspecialist\kleuren\kleiner\AEdonkergroen 172.JPG --> www.underfashion.nl.pioneer.hostingxs.nl /domains/underfashion.nl/public_html/kleuren/kleiner AEdonkergroen 172.JPG
2008.11.07 11:31 B C:\Documents and Settings\Tim\Mijn documenten\Website Sportbehaspecialist\kleuren\kleiner\AElicht blauw 071.JPG --> www.underfashion.nl.pioneer.hostingxs.nl /domains/underfashion.nl/public_html/kleuren/kleiner AElicht blauw 071.JPG
2008.11.07 11:31 B C:\Documents and Settings\Tim\Mijn documenten\Website Sportbehaspecialist\kleuren\kleiner\AElicht geel 065.JPG --> www.underfashion.nl.pioneer.hostingxs.nl /domains/underfashion.nl/public_html/kleuren/kleiner AElicht geel 065.JPG
2008.11.07 11:31 B C:\Documents and Settings\Tim\Mijn documenten\Website Sportbehaspecialist\kleuren\kleiner\AElicht grijs 094.jpg --> www.underfashion.nl.pioneer.hostingxs.nl /domains/underfashion.nl/public_html/kleuren/kleiner AElicht grijs 094.jpg
2008.11.07 11:31 B C:\Documents and Settings\Tim\Mijn documenten\Website Sportbehaspecialist\kleuren\kleiner\AElicht roze 041.JPG --> www.underfashion.nl.pioneer.hostingxs.nl /domains/underfashion.nl/public_html/kleuren/kleiner AElicht roze 041.JPG
2008.11.07 11:31 B C:\Documents and Settings\Tim\Mijn documenten\Website Sportbehaspecialist\kleuren\kleiner\AEmint 173.JPG --> www.underfashion.nl.pioneer.hostingxs.nl /domains/underfashion.nl/public_html/kleuren/kleiner AEmint 173.JPG
2008.11.07 11:31 B C:\Documents and Settings\Tim\Mijn documenten\Website Sportbehaspecialist\kleuren\kleiner\AEnude 084.JPG --> www.underfashion.nl.pioneer.hostingxs.nl /domains/underfashion.nl/public_html/kleuren/kleiner AEnude 084.JPG
2008.11.07 11:31 B C:\Documents and Settings\Tim\Mijn documenten\Website Sportbehaspecialist\kleuren\kleiner\AEpink 040.JPG --> www.underfashion.nl.pioneer.hostingxs.nl /domains/underfashion.nl/public_html/kleuren/kleiner AEpink 040.JPG
2008.11.07 11:31 B C:\Documents and Settings\Tim\Mijn documenten\Website Sportbehaspecialist\kleuren\kleiner\AEpoeder 083.JPG --> www.underfashion.nl.pioneer.hostingxs.nl /domains/underfashion.nl/public_html/kleuren/kleiner AEpoeder 083.JPG
2008.11.07 11:31 B C:\Documents and Settings\Tim\Mijn documenten\Website Sportbehaspecialist\kleuren\kleiner\AErood 050.JPG --> www.underfashion.nl.pioneer.hostingxs.nl /domains/underfashion.nl/public_html/kleuren/kleiner AErood 050.JPG
2008.11.07 11:31 B C:\Documents and Settings\Tim\Mijn documenten\Website Sportbehaspecialist\kleuren\kleiner\AEviolet 154.JPG --> www.underfashion.nl.pioneer.hostingxs.nl /domains/underfashion.nl/public_html/kleuren/kleiner AEviolet 154.JPG
2008.11.07 11:31 B C:\Documents and Settings\Tim\Mijn documenten\Website Sportbehaspecialist\kleuren\kleiner\AEwit 010.JPG --> www.underfashion.nl.pioneer.hostingxs.nl /domains/underfashion.nl/public_html/kleuren/kleiner AEwit 010.JPG
2008.11.07 11:31 B C:\Documents and Settings\Tim\Mijn documenten\Website Sportbehaspecialist\kleuren\kleiner\AEzilvergrijs 094.JPG --> www.underfashion.nl.pioneer.hostingxs.nl /domains/underfashion.nl/public_html/kleuren/kleiner AEzilvergrijs 094.JPG
2008.11.07 11:31 B C:\Documents and Settings\Tim\Mijn documenten\Website Sportbehaspecialist\kleuren\kleiner\AEzwart 020.JPG --> www.underfashion.nl.pioneer.hostingxs.nl /domains/underfashion.nl/public_html/kleuren/kleiner AEzwart 020.JPG
2008.11.07 11:31 B C:\Documents and Settings\Tim\Mijn documenten\Website Sportbehaspecialist\kleuren\kleiner\BDargyleblack.jpg --> www.underfashion.nl.pioneer.hostingxs.nl /domains/underfashion.nl/public_html/kleuren/kleiner BDargyleblack.jpg
2008.11.07 11:31 B C:\Documents and Settings\Tim\Mijn documenten\Website Sportbehaspecialist\kleuren\kleiner\BDatoll.jpg --> www.underfashion.nl.pioneer.hostingxs.nl /domains/underfashion.nl/public_html/kleuren/kleiner BDatoll.jpg
2008.11.07 11:31 B C:\Documents and Settings\Tim\Mijn documenten\Website Sportbehaspecialist\kleuren\kleiner\BDbackpacker.JPG --> www.underfashion.nl.pioneer.hostingxs.nl /domains/underfashion.nl/public_html/kleuren/kleiner BDbackpacker.JPG
2008.11.07 11:31 B C:\Documents and Settings\Tim\Mijn documenten\Website Sportbehaspecialist\kleuren\kleiner\BDbanana.JPG --> www.underfashion.nl.pioneer.hostingxs.nl /domains/underfashion.nl/public_html/kleuren/kleiner BDbanana.JPG
2008.11.07 11:31 B C:\Documents and Settings\Tim\Mijn documenten\Website Sportbehaspecialist\kleuren\kleiner\BDblack heather.jpg --> www.underfashion.nl.pioneer.hostingxs.nl /domains/underfashion.nl/public_html/kleuren/kleiner BDblack heather.jpg
2008.11.07 11:31 B C:\Documents and Settings\Tim\Mijn documenten\Website Sportbehaspecialist\kleuren\kleiner\BDblack.jpg --> www.underfashion.nl.pioneer.hostingxs.nl /domains/underfashion.nl/public_html/kleuren/kleiner BDblack.jpg
2008.11.07 11:31 B C:\Documents and Settings\Tim\Mijn documenten\Website Sportbehaspecialist\kleuren\kleiner\BDblue.jpg --> www.underfashion.nl.pioneer.hostingxs.nl /domains/underfashion.nl/public_html/kleuren/kleiner BDblue.jpg
2008.11.07 11:31 B C:\Documents and Settings\Tim\Mijn documenten\Website Sportbehaspecialist\kleuren\kleiner\BDblueprint.JPG --> www.underfashion.nl.pioneer.hostingxs.nl /domains/underfashion.nl/public_html/kleuren/kleiner BDblueprint.JPG
2008.11.07 11:31 B C:\Documents and Settings\Tim\Mijn documenten\Website Sportbehaspecialist\kleuren\kleiner\BDbonfire.JPG --> www.underfashion.nl.pioneer.hostingxs.nl /domains/underfashion.nl/public_html/kleuren/kleiner BDbonfire.JPG
2008.11.07 11:31 B C:\Documents and Settings\Tim\Mijn documenten\Website Sportbehaspecialist\kleuren\kleiner\BDboudoir heather.jpg --> www.underfashion.nl.pioneer.hostingxs.nl /domains/underfashion.nl/public_html/kleuren/kleiner BDboudoir heather.jpg
2008.11.07 11:31 B C:\Documents and Settings\Tim\Mijn documenten\Website Sportbehaspecialist\kleuren\kleiner\BDbrown heather.jpg --> www.underfashion.nl.pioneer.hostingxs.nl /domains/underfashion.nl/public_html/kleuren/kleiner BDbrown heather.jpg
2008.11.07 11:31 B C:\Documents and Settings\Tim\Mijn documenten\Website Sportbehaspecialist\kleuren\kleiner\BDbush.JPG --> www.underfashion.nl.pioneer.hostingxs.nl /domains/underfashion.nl/public_html/kleuren/kleiner BDbush.JPG
2008.11.07 11:31 B C:\Documents and Settings\Tim\Mijn documenten\Website Sportbehaspecialist\kleuren\kleiner\BDcamblack.JPG --> www.underfashion.nl.pioneer.hostingxs.nl /domains/underfashion.nl/public_html/kleuren/kleiner BDcamblack.JPG
2008.11.07 11:31 B C:\Documents and Settings\Tim\Mijn documenten\Website Sportbehaspecialist\kleuren\kleiner\BDcamel heather.jpg --> www.underfashion.nl.pioneer.hostingxs.nl /domains/underfashion.nl/public_html/kleuren/kleiner BDcamel heather.jpg
2008.11.07 11:31 B C:\Documents and Settings\Tim\Mijn documenten\Website Sportbehaspecialist\kleuren\kleiner\BDcamgrey.JPG --> www.underfashion.nl.pioneer.hostingxs.nl /domains/underfashion.nl/public_html/kleuren/kleiner BDcamgrey.JPG
2008.11.07 11:31 B C:\Documents and Settings\Tim\Mijn documenten\Website Sportbehaspecialist\kleuren\kleiner\BDcamindigo.JPG --> www.underfashion.nl.pioneer.hostingxs.nl /domains/underfashion.nl/public_html/kleuren/kleiner BDcamindigo.JPG
2008.11.07 11:31 B C:\Documents and Settings\Tim\Mijn documenten\Website Sportbehaspecialist\kleuren\kleiner\BDcamranger.JPG --> www.underfashion.nl.pioneer.hostingxs.nl /domains/underfashion.nl/public_html/kleuren/kleiner BDcamranger.JPG
2008.11.07 11:31 B C:\Documents and Settings\Tim\Mijn documenten\Website Sportbehaspecialist\kleuren\kleiner\BDcanvas.JPG --> www.underfashion.nl.pioneer.hostingxs.nl /domains/underfashion.nl/public_html/kleuren/kleiner BDcanvas.JPG
2008.11.07 11:31 B C:\Documents and Settings\Tim\Mijn documenten\Website Sportbehaspecialist\kleuren\kleiner\BDcardinal.JPG --> www.underfashion.nl.pioneer.hostingxs.nl /domains/underfashion.nl/public_html/kleuren/kleiner BDcardinal.JPG
2008.11.07 11:31 B C:\Documents and Settings\Tim\Mijn documenten\Website Sportbehaspecialist\kleuren\kleiner\BDcavalry.JPG --> www.underfashion.nl.pioneer.hostingxs.nl /domains/underfashion.nl/public_html/kleuren/kleiner BDcavalry.JPG
2008.11.07 11:31 B C:\Documents and Settings\Tim\Mijn documenten\Website Sportbehaspecialist\kleuren\kleiner\BDcheerleader.jpg --> www.underfashion.nl.pioneer.hostingxs.nl /domains/underfashion.nl/public_html/kleuren/kleiner BDcheerleader.jpg
2008.11.07 11:31 B C:\Documents and Settings\Tim\Mijn documenten\Website Sportbehaspecialist\kleuren\kleiner\BDchemistry.JPG --> www.underfashion.nl.pioneer.hostingxs.nl /domains/underfashion.nl/public_html/kleuren/kleiner BDchemistry.JPG
2008.11.07 11:31 B C:\Documents and Settings\Tim\Mijn documenten\Website Sportbehaspecialist\kleuren\kleiner\BDchestnut heather.jpg --> www.underfashion.nl.pioneer.hostingxs.nl /domains/underfashion.nl/public_html/kleuren/kleiner BDchestnut heather.jpg
2008.11.07 11:31 B C:\Documents and Settings\Tim\Mijn documenten\Website Sportbehaspecialist\kleuren\kleiner\BDchocolate.JPG --> www.underfashion.nl.pioneer.hostingxs.nl /domains/underfashion.nl/public_html/kleuren/kleiner BDchocolate.JPG
2008.11.07 11:31 B C:\Documents and Settings\Tim\Mijn documenten\Website Sportbehaspecialist\kleuren\kleiner\BDcombat.jpg --> www.underfashion.nl.pioneer.hostingxs.nl /domains/underfashion.nl/public_html/kleuren/kleiner BDcombat.jpg
2008.11.07 11:31 B C:\Documents and Settings\Tim\Mijn documenten\Website Sportbehaspecialist\kleuren\kleiner\BDcyclamen.JPG --> www.underfashion.nl.pioneer.hostingxs.nl /domains/underfashion.nl/public_html/kleuren/kleiner BDcyclamen.JPG
2008.11.07 11:31 B C:\Documents and Settings\Tim\Mijn documenten\Website Sportbehaspecialist\kleuren\kleiner\BDdaisy atoll.JPG --> www.underfashion.nl.pioneer.hostingxs.nl /domains/underfashion.nl/public_html/kleuren/kleiner BDdaisy atoll.JPG
2008.11.07 11:31 B C:\Documents and Settings\Tim\Mijn documenten\Website Sportbehaspecialist\kleuren\kleiner\BDdaisy pink panther.JPG --> www.underfashion.nl.pioneer.hostingxs.nl /domains/underfashion.nl/public_html/kleuren/kleiner BDdaisy pink panther.JPG
2008.11.07 11:31 B C:\Documents and Settings\Tim\Mijn documenten\Website Sportbehaspecialist\kleuren\kleiner\BDdaisy white.JPG --> www.underfashion.nl.pioneer.hostingxs.nl /domains/underfashion.nl/public_html/kleuren/kleiner BDdaisy white.JPG
2008.11.07 11:31 B C:\Documents and Settings\Tim\Mijn documenten\Website Sportbehaspecialist\kleuren\kleiner\BDdark brown heather.jpg --> www.underfashion.nl.pioneer.hostingxs.nl /domains/underfashion.nl/public_html/kleuren/kleiner BDdark brown heather.jpg
2008.11.07 11:31 B C:\Documents and Settings\Tim\Mijn documenten\Website Sportbehaspecialist\kleuren\kleiner\BDdark brown.jpg --> www.underfashion.nl.pioneer.hostingxs.nl /domains/underfashion.nl/public_html/kleuren/kleiner BDdark brown.jpg
2008.11.07 11:31 B C:\Documents and Settings\Tim\Mijn documenten\Website Sportbehaspecialist\kleuren\kleiner\BDdarkness.JPG --> www.underfashion.nl.pioneer.hostingxs.nl /domains/underfashion.nl/public_html/kleuren/kleiner BDdarkness.JPG
2008.11.07 11:31 B C:\Documents and Settings\Tim\Mijn documenten\Website Sportbehaspecialist\kleuren\kleiner\BDdenim heather.jpg --> www.underfashion.nl.pioneer.hostingxs.nl /domains/underfashion.nl/public_html/kleuren/kleiner BDdenim heather.jpg
2008.11.07 11:31 B C:\Documents and Settings\Tim\Mijn documenten\Website Sportbehaspecialist\kleuren\kleiner\BDdepth.JPG --> www.underfashion.nl.pioneer.hostingxs.nl /domains/underfashion.nl/public_html/kleuren/kleiner BDdepth.JPG
2008.11.07 11:31 B C:\Documents and Settings\Tim\Mijn documenten\Website Sportbehaspecialist\kleuren\kleiner\BDearth light.jpg --> www.underfashion.nl.pioneer.hostingxs.nl /domains/underfashion.nl/public_html/kleuren/kleiner BDearth light.jpg
2008.11.07 11:31 B C:\Documents and Settings\Tim\Mijn documenten\Website Sportbehaspecialist\kleuren\kleiner\BDfairy tale.JPG --> www.underfashion.nl.pioneer.hostingxs.nl /domains/underfashion.nl/public_html/kleuren/kleiner BDfairy tale.JPG
2008.11.07 11:31 B C:\Documents and Settings\Tim\Mijn documenten\Website Sportbehaspecialist\kleuren\kleiner\BDfireglow heather.jpg --> www.underfashion.nl.pioneer.hostingxs.nl /domains/underfashion.nl/public_html/kleuren/kleiner BDfireglow heather.jpg
2008.11.07 11:31 B C:\Documents and Settings\Tim\Mijn documenten\Website Sportbehaspecialist\kleuren\kleiner\BDflame.JPG --> www.underfashion.nl.pioneer.hostingxs.nl /domains/underfashion.nl/public_html/kleuren/kleiner BDflame.JPG
2008.11.07 11:31 B C:\Documents and Settings\Tim\Mijn documenten\Website Sportbehaspecialist\kleuren\kleiner\BDfolk blue.jpg --> www.underfashion.nl.pioneer.hostingxs.nl /domains/underfashion.nl/public_html/kleuren/kleiner BDfolk blue.jpg
2008.11.07 11:31 B C:\Documents and Settings\Tim\Mijn documenten\Website Sportbehaspecialist\kleuren\kleiner\BDfondant.JPG --> www.underfashion.nl.pioneer.hostingxs.nl /domains/underfashion.nl/public_html/kleuren/kleiner BDfondant.JPG
2008.11.07 11:31 B C:\Documents and Settings\Tim\Mijn documenten\Website Sportbehaspecialist\kleuren\kleiner\BDfresco.JPG --> www.underfashion.nl.pioneer.hostingxs.nl /domains/underfashion.nl/public_html/kleuren/kleiner BDfresco.JPG
2008.11.07 11:31 B C:\Documents and Settings\Tim\Mijn documenten\Website Sportbehaspecialist\kleuren\kleiner\BDgala.JPG --> www.underfashion.nl.pioneer.hostingxs.nl /domains/underfashion.nl/public_html/kleuren/kleiner BDgala.JPG
2008.11.07 11:31 B C:\Documents and Settings\Tim\Mijn documenten\Website Sportbehaspecialist\kleuren\kleiner\BDgeisha.JPG --> www.underfashion.nl.pioneer.hostingxs.nl /domains/underfashion.nl/public_html/kleuren/kleiner BDgeisha.JPG
2008.11.07 11:31 B C:\Documents and Settings\Tim\Mijn documenten\Website Sportbehaspecialist\kleuren\kleiner\BDginger.jpg --> www.underfashion.nl.pioneer.hostingxs.nl /domains/underfashion.nl/public_html/kleuren/kleiner BDginger.jpg
2008.11.07 11:31 B C:\Documents and Settings\Tim\Mijn documenten\Website Sportbehaspecialist\kleuren\kleiner\BDgreen.jpg --> www.underfashion.nl.pioneer.hostingxs.nl /domains/underfashion.nl/public_html/kleuren/kleiner BDgreen.jpg
2008.11.07 11:31 B C:\Documents and Settings\Tim\Mijn documenten\Website Sportbehaspecialist\kleuren\kleiner\BDhemp.JPG --> www.underfashion.nl.pioneer.hostingxs.nl /domains/underfashion.nl/public_html/kleuren/kleiner BDhemp.JPG
2008.11.07 11:31 B C:\Documents and Settings\Tim\Mijn documenten\Website Sportbehaspecialist\kleuren\kleiner\BDhurricane.JPG --> www.underfashion.nl.pioneer.hostingxs.nl /domains/underfashion.nl/public_html/kleuren/kleiner BDhurricane.JPG
2008.11.07 11:31 B C:\Documents and Settings\Tim\Mijn documenten\Website Sportbehaspecialist\kleuren\kleiner\BDice.JPG --> www.underfashion.nl.pioneer.hostingxs.nl /domains/underfashion.nl/public_html/kleuren/kleiner BDice.JPG
2008.11.07 11:31 B C:\Documents and Settings\Tim\Mijn documenten\Website Sportbehaspecialist\kleuren\kleiner\BDicy cool.JPG --> www.underfashion.nl.pioneer.hostingxs.nl /domains/underfashion.nl/public_html/kleuren/kleiner BDicy cool.JPG
2008.11.07 11:31 B C:\Documents and Settings\Tim\Mijn documenten\Website Sportbehaspecialist\kleuren\kleiner\BDindigo.jpg --> www.underfashion.nl.pioneer.hostingxs.nl /domains/underfashion.nl/public_html/kleuren/kleiner BDindigo.jpg
2008.11.07 11:32 B C:\Documents and Settings\Tim\Mijn documenten\Website Sportbehaspecialist\kleuren\kleiner\BDinky.JPG --> www.underfashion.nl.pioneer.hostingxs.nl /domains/underfashion.nl/public_html/kleuren/kleiner BDinky.JPG
2008.11.07 11:32 B C:\Documents and Settings\Tim\Mijn documenten\Website Sportbehaspecialist\kleuren\kleiner\BDinnocence heather.jpg --> www.underfashion.nl.pioneer.hostingxs.nl /domains/underfashion.nl/public_html/kleuren/kleiner BDinnocence heather.jpg
2008.11.07 11:32 B C:\Documents and Settings\Tim\Mijn documenten\Website Sportbehaspecialist\kleuren\kleiner\BDintense blue.JPG --> www.underfashion.nl.pioneer.hostingxs.nl /domains/underfashion.nl/public_html/kleuren/kleiner BDintense blue.JPG
2008.11.07 11:32 B C:\Documents and Settings\Tim\Mijn documenten\Website Sportbehaspecialist\kleuren\kleiner\BDivory.jpg --> www.underfashion.nl.pioneer.hostingxs.nl /domains/underfashion.nl/public_html/kleuren/kleiner BDivory.jpg
2008.11.07 11:32 B C:\Documents and Settings\Tim\Mijn documenten\Website Sportbehaspecialist\kleuren\kleiner\BDjade heather.jpg --> www.underfashion.nl.pioneer.hostingxs.nl /domains/underfashion.nl/public_html/kleuren/kleiner BDjade heather.jpg
2008.11.07 11:32 B C:\Documents and Settings\Tim\Mijn documenten\Website Sportbehaspecialist\kleuren\kleiner\BDjellybean.JPG --> www.underfashion.nl.pioneer.hostingxs.nl /domains/underfashion.nl/public_html/kleuren/kleiner BDjellybean.JPG
2008.11.07 11:32 B C:\Documents and Settings\Tim\Mijn documenten\Website Sportbehaspecialist\kleuren\kleiner\BDkiss.JPG --> www.underfashion.nl.pioneer.hostingxs.nl /domains/underfashion.nl/public_html/kleuren/kleiner BDkiss.JPG
2008.11.07 11:32 B C:\Documents and Settings\Tim\Mijn documenten\Website Sportbehaspecialist\kleuren\kleiner\BDlemon.JPG --> www.underfashion.nl.pioneer.hostingxs.nl /domains/underfashion.nl/public_html/kleuren/kleiner BDlemon.JPG
2008.11.07 11:32 B C:\Documents and Settings\Tim\Mijn documenten\Website Sportbehaspecialist\kleuren\kleiner\BDlgrey-oxf.JPG --> www.underfashion.nl.pioneer.hostingxs.nl /domains/underfashion.nl/public_html/kleuren/kleiner BDlgrey-oxf.JPG
2008.11.07 11:32 B C:\Documents and Settings\Tim\Mijn documenten\Website Sportbehaspecialist\kleuren\kleiner\BDlight grey heather.jpg --> www.underfashion.nl.pioneer.hostingxs.nl /domains/underfashion.nl/public_html/kleuren/kleiner BDlight grey heather.jpg
2008.11.07 11:32 B C:\Documents and Settings\Tim\Mijn documenten\Website Sportbehaspecialist\kleuren\kleiner\BDlight grey.jpg --> www.underfashion.nl.pioneer.hostingxs.nl /domains/underfashion.nl/public_html/kleuren/kleiner BDlight grey.jpg
2008.11.07 11:32 B C:\Documents and Settings\Tim\Mijn documenten\Website Sportbehaspecialist\kleuren\kleiner\BDmajestic.JPG --> www.underfashion.nl.pioneer.hostingxs.nl /domains/underfashion.nl/public_html/kleuren/kleiner BDmajestic.JPG
2008.11.07 11:32 B C:\Documents and Settings\Tim\Mijn documenten\Website Sportbehaspecialist\kleuren\kleiner\BDmake-up.jpg --> www.underfashion.nl.pioneer.hostingxs.nl /domains/underfashion.nl/public_html/kleuren/kleiner BDmake-up.jpg
2008.11.07 11:32 B C:\Documents and Settings\Tim\Mijn documenten\Website Sportbehaspecialist\kleuren\kleiner\BDmedium grey heather.jpg --> www.underfashion.nl.pioneer.hostingxs.nl /domains/underfashion.nl/public_html/kleuren/kleiner BDmedium grey heather.jpg
2008.11.07 11:32 B C:\Documents and Settings\Tim\Mijn documenten\Website Sportbehaspecialist\kleuren\kleiner\BDmerlot.JPG --> www.underfashion.nl.pioneer.hostingxs.nl /domains/underfashion.nl/public_html/kleuren/kleiner BDmerlot.JPG
2008.11.07 11:32 B C:\Documents and Settings\Tim\Mijn documenten\Website Sportbehaspecialist\kleuren\kleiner\BDmineral.JPG --> www.underfashion.nl.pioneer.hostingxs.nl /domains/underfashion.nl/public_html/kleuren/kleiner BDmineral.JPG
2008.11.07 11:32 B C:\Documents and Settings\Tim\Mijn documenten\Website Sportbehaspecialist\kleuren\kleiner\BDmoetwitzijn.JPG --> www.underfashion.nl.pioneer.hostingxs.nl /domains/underfashion.nl/public_html/kleuren/kleiner BDmoetwitzijn.JPG
2008.11.07 11:32 B C:\Documents and Settings\Tim\Mijn documenten\Website Sportbehaspecialist\kleuren\kleiner\BDnavy heather.jpg --> www.underfashion.nl.pioneer.hostingxs.nl /domains/underfashion.nl/public_html/kleuren/kleiner BDnavy heather.jpg
2008.11.07 11:32 B C:\Documents and Settings\Tim\Mijn documenten\Website Sportbehaspecialist\kleuren\kleiner\BDnavy.jpg --> www.underfashion.nl.pioneer.hostingxs.nl /domains/underfashion.nl/public_html/kleuren/kleiner BDnavy.jpg
2008.11.07 11:32 B C:\Documents and Settings\Tim\Mijn documenten\Website Sportbehaspecialist\kleuren\kleiner\BDnebula.JPG --> www.underfashion.nl.pioneer.hostingxs.nl /domains/underfashion.nl/public_html/kleuren/kleiner BDnebula.JPG
2008.11.07 11:32 B C:\Documents and Settings\Tim\Mijn documenten\Website Sportbehaspecialist\kleuren\kleiner\BDoff white.jpg --> www.underfashion.nl.pioneer.hostingxs.nl /domains/underfashion.nl/public_html/kleuren/kleiner BDoff white.jpg
2008.11.07 11:32 B C:\Documents and Settings\Tim\Mijn documenten\Website Sportbehaspecialist\kleuren\kleiner\BDorganic.JPG --> www.underfashion.nl.pioneer.hostingxs.nl /domains/underfashion.nl/public_html/kleuren/kleiner BDorganic.JPG
2008.11.07 11:32 B C:\Documents and Settings\Tim\Mijn documenten\Website Sportbehaspecialist\kleuren\kleiner\BDoxford heather.jpg --> www.underfashion.nl.pioneer.hostingxs.nl /domains/underfashion.nl/public_html/kleuren/kleiner BDoxford heather.jpg
2008.11.07 11:32 B C:\Documents and Settings\Tim\Mijn documenten\Website Sportbehaspecialist\kleuren\kleiner\BDpale pink.JPG --> www.underfashion.nl.pioneer.hostingxs.nl /domains/underfashion.nl/public_html/kleuren/kleiner BDpale pink.JPG
2008.11.07 11:32 B C:\Documents and Settings\Tim\Mijn documenten\Website Sportbehaspecialist\kleuren\kleiner\BDpapya.JPG --> www.underfashion.nl.pioneer.hostingxs.nl /domains/underfashion.nl/public_html/kleuren/kleiner BDpapya.JPG
2008.11.07 11:32 B C:\Documents and Settings\Tim\Mijn documenten\Website Sportbehaspecialist\kleuren\kleiner\BDpark.jpg --> www.underfashion.nl.pioneer.hostingxs.nl /domains/underfashion.nl/public_html/kleuren/kleiner BDpark.jpg
2008.11.07 11:32 B C:\Documents and Settings\Tim\Mijn documenten\Website Sportbehaspecialist\kleuren\kleiner\BDparma violet.jpg --> www.underfashion.nl.pioneer.hostingxs.nl /domains/underfashion.nl/public_html/kleuren/kleiner BDparma violet.jpg
2008.11.07 11:32 B C:\Documents and Settings\Tim\Mijn documenten\Website Sportbehaspecialist\kleuren\kleiner\BDpassion.JPG --> www.underfashion.nl.pioneer.hostingxs.nl /domains/underfashion.nl/public_html/kleuren/kleiner BDpassion.JPG
2008.11.07 11:32 B C:\Documents and Settings\Tim\Mijn documenten\Website Sportbehaspecialist\kleuren\kleiner\BDpatina.JPG --> www.underfashion.nl.pioneer.hostingxs.nl /domains/underfashion.nl/public_html/kleuren/kleiner BDpatina.JPG
2008.11.07 11:32 B C:\Documents and Settings\Tim\Mijn documenten\Website Sportbehaspecialist\kleuren\kleiner\BDpeppercorn.jpg --> www.underfashion.nl.pioneer.hostingxs.nl /domains/underfashion.nl/public_html/kleuren/kleiner BDpeppercorn.jpg
2008.11.07 11:32 B C:\Documents and Settings\Tim\Mijn documenten\Website Sportbehaspecialist\kleuren\kleiner\BDpetrol heather.jpg --> www.underfashion.nl.pioneer.hostingxs.nl /domains/underfashion.nl/public_html/kleuren/kleiner BDpetrol heather.jpg
2008.11.07 11:32 B C:\Documents and Settings\Tim\Mijn documenten\Website Sportbehaspecialist\kleuren\kleiner\BDpink panther.jpg --> www.underfashion.nl.pioneer.hostingxs.nl /domains/underfashion.nl/public_html/kleuren/kleiner BDpink panther.jpg
2008.11.07 11:32 B C:\Documents and Settings\Tim\Mijn documenten\Website Sportbehaspecialist\kleuren\kleiner\BDpink.jpg --> www.underfashion.nl.pioneer.hostingxs.nl /domains/underfashion.nl/public_html/kleuren/kleiner BDpink.jpg
2008.11.07 11:32 B C:\Documents and Settings\Tim\Mijn documenten\Website Sportbehaspecialist\kleuren\kleiner\BDpinkp-spun.JPG --> www.underfashion.nl.pioneer.hostingxs.nl /domains/underfashion.nl/public_html/kleuren/kleiner BDpinkp-spun.JPG
2008.11.07 11:32 B C:\Documents and Settings\Tim\Mijn documenten\Website Sportbehaspecialist\kleuren\kleiner\BDrain cloud.JPG --> www.underfashion.nl.pioneer.hostingxs.nl /domains/underfashion.nl/public_html/kleuren/kleiner BDrain cloud.JPG
2008.11.07 11:32 B C:\Documents and Settings\Tim\Mijn documenten\Website Sportbehaspecialist\kleuren\kleiner\BDraincloud.JPG --> www.underfashion.nl.pioneer.hostingxs.nl /domains/underfashion.nl/public_html/kleuren/kleiner BDraincloud.JPG
2008.11.07 11:32 B C:\Documents and Settings\Tim\Mijn documenten\Website Sportbehaspecialist\kleuren\kleiner\BDranger.jpg --> www.underfashion.nl.pioneer.hostingxs.nl /domains/underfashion.nl/public_html/kleuren/kleiner BDranger.jpg
2008.11.07 11:32 B C:\Documents and Settings\Tim\Mijn documenten\Website Sportbehaspecialist\kleuren\kleiner\BDraw.JPG --> www.underfashion.nl.pioneer.hostingxs.nl /domains/underfashion.nl/public_html/kleuren/kleiner BDraw.JPG
2008.11.07 11:32 B C:\Documents and Settings\Tim\Mijn documenten\Website Sportbehaspecialist\kleuren\kleiner\BDred wood.JPG --> www.underfashion.nl.pioneer.hostingxs.nl /domains/underfashion.nl/public_html/kleuren/kleiner BDred wood.JPG
2008.11.07 11:32 B C:\Documents and Settings\Tim\Mijn documenten\Website Sportbehaspecialist\kleuren\kleiner\BDrescue.JPG --> www.underfashion.nl.pioneer.hostingxs.nl /domains/underfashion.nl/public_html/kleuren/kleiner BDrescue.JPG
2008.11.07 11:32 B C:\Documents and Settings\Tim\Mijn documenten\Website Sportbehaspecialist\kleuren\kleiner\BDrosebloom.JPG --> www.underfashion.nl.pioneer.hostingxs.nl /domains/underfashion.nl/public_html/kleuren/kleiner BDrosebloom.JPG
2008.11.07 11:32 B C:\Documents and Settings\Tim\Mijn documenten\Website Sportbehaspecialist\kleuren\kleiner\BDruby.JPG --> www.underfashion.nl.pioneer.hostingxs.nl /domains/underfashion.nl/public_html/kleuren/kleiner BDruby.JPG
2008.11.07 11:32 B C:\Documents and Settings\Tim\Mijn documenten\Website Sportbehaspecialist\kleuren\kleiner\BDsand.jpg --> www.underfashion.nl.pioneer.hostingxs.nl /domains/underfashion.nl/public_html/kleuren/kleiner BDsand.jpg
2008.11.07 11:32 B C:\Documents and Settings\Tim\Mijn documenten\Website Sportbehaspecialist\kleuren\kleiner\BDskinny.JPG --> www.underfashion.nl.pioneer.hostingxs.nl /domains/underfashion.nl/public_html/kleuren/kleiner BDskinny.JPG
2008.11.07 11:32 B C:\Documents and Settings\Tim\Mijn documenten\Website Sportbehaspecialist\kleuren\kleiner\BDsoap heather.jpg --> www.underfashion.nl.pioneer.hostingxs.nl /domains/underfashion.nl/public_html/kleuren/kleiner BDsoap heather.jpg
2008.11.07 11:32 B C:\Documents and Settings\Tim\Mijn documenten\Website Sportbehaspecialist\kleuren\kleiner\BDsoil.JPG --> www.underfashion.nl.pioneer.hostingxs.nl /domains/underfashion.nl/public_html/kleuren/kleiner BDsoil.JPG
2008.11.07 11:32 B C:\Documents and Settings\Tim\Mijn documenten\Website Sportbehaspecialist\kleuren\kleiner\BDsorbet.JPG --> www.underfashion.nl.pioneer.hostingxs.nl /domains/underfashion.nl/public_html/kleuren/kleiner BDsorbet.JPG
2008.11.07 11:32 B C:\Documents and Settings\Tim\Mijn documenten\Website Sportbehaspecialist\kleuren\kleiner\BDspring.JPG --> www.underfashion.nl.pioneer.hostingxs.nl /domains/underfashion.nl/public_html/kleuren/kleiner BDspring.JPG
2008.11.07 11:32 B C:\Documents and Settings\Tim\Mijn documenten\Website Sportbehaspecialist\kleuren\kleiner\BDspun sugar.jpg --> www.underfashion.nl.pioneer.hostingxs.nl /domains/underfashion.nl/public_html/kleuren/kleiner BDspun sugar.jpg
2008.11.07 11:32 B C:\Documents and Settings\Tim\Mijn documenten\Website Sportbehaspecialist\kleuren\kleiner\BDstrawberry.jpg --> www.underfashion.nl.pioneer.hostingxs.nl /domains/underfashion.nl/public_html/kleuren/kleiner BDstrawberry.jpg
2008.11.07 11:32 B C:\Documents and Settings\Tim\Mijn documenten\Website Sportbehaspecialist\kleuren\kleiner\BDstripe raspberry.JPG --> www.underfashion.nl.pioneer.hostingxs.nl /domains/underfashion.nl/public_html/kleuren/kleiner BDstripe raspberry.JPG
2008.11.07 11:32 B C:\Documents and Settings\Tim\Mijn documenten\Website Sportbehaspecialist\kleuren\kleiner\BDstripe whiteblue.JPG --> www.underfashion.nl.pioneer.hostingxs.nl /domains/underfashion.nl/public_html/kleuren/kleiner BDstripe whiteblue.JPG
2008.11.07 11:32 B C:\Documents and Settings\Tim\Mijn documenten\Website Sportbehaspecialist\kleuren\kleiner\BDstripe whitepink.JPG --> www.underfashion.nl.pioneer.hostingxs.nl /domains/underfashion.nl/public_html/kleuren/kleiner BDstripe whitepink.JPG
2008.11.07 11:32 B C:\Documents and Settings\Tim\Mijn documenten\Website Sportbehaspecialist\kleuren\kleiner\BDsunset.jpg --> www.underfashion.nl.pioneer.hostingxs.nl /domains/underfashion.nl/public_html/kleuren/kleiner BDsunset.jpg
2008.11.07 11:32 B C:\Documents and Settings\Tim\Mijn documenten\Website Sportbehaspecialist\kleuren\kleiner\BDtaupe heather.jpg --> www.underfashion.nl.pioneer.hostingxs.nl /domains/underfashion.nl/public_html/kleuren/kleiner BDtaupe heather.jpg
2008.11.07 11:32 B C:\Documents and Settings\Tim\Mijn documenten\Website Sportbehaspecialist\kleuren\kleiner\BDtender pink heather.jpg --> www.underfashion.nl.pioneer.hostingxs.nl /domains/underfashion.nl/public_html/kleuren/kleiner BDtender pink heather.jpg
2008.11.07 11:32 B C:\Documents and Settings\Tim\Mijn documenten\Website Sportbehaspecialist\kleuren\kleiner\BDtruffle.JPG --> www.underfashion.nl.pioneer.hostingxs.nl /domains/underfashion.nl/public_html/kleuren/kleiner BDtruffle.JPG
2008.11.07 11:32 B C:\Documents and Settings\Tim\Mijn documenten\Website Sportbehaspecialist\kleuren\kleiner\BDturquoise.jpg --> www.underfashion.nl.pioneer.hostingxs.nl /domains/underfashion.nl/public_html/kleuren/kleiner BDturquoise.jpg
2008.11.07 11:32 B C:\Documents and Settings\Tim\Mijn documenten\Website Sportbehaspecialist\kleuren\kleiner\BDtwiggy.jpg --> www.underfashion.nl.pioneer.hostingxs.nl /domains/underfashion.nl/public_html/kleuren/kleiner BDtwiggy.jpg
2008.11.07 11:32 B C:\Documents and Settings\Tim\Mijn documenten\Website Sportbehaspecialist\kleuren\kleiner\BDvelvet.JPG --> www.underfashion.nl.pioneer.hostingxs.nl /domains/underfashion.nl/public_html/kleuren/kleiner BDvelvet.JPG
2008.11.07 11:32 B C:\Documents and Settings\Tim\Mijn documenten\Website Sportbehaspecialist\kleuren\kleiner\BDvoltage.jpg --> www.underfashion.nl.pioneer.hostingxs.nl /domains/underfashion.nl/public_html/kleuren/kleiner BDvoltage.jpg
2008.11.07 11:32 B C:\Documents and Settings\Tim\Mijn documenten\Website Sportbehaspecialist\kleuren\kleiner\BDwasabi.JPG --> www.underfashion.nl.pioneer.hostingxs.nl /domains/underfashion.nl/public_html/kleuren/kleiner BDwasabi.JPG
2008.11.07 11:32 B C:\Documents and Settings\Tim\Mijn documenten\Website Sportbehaspecialist\kleuren\kleiner\BDwhimsical.JPG --> www.underfashion.nl.pioneer.hostingxs.nl /domains/underfashion.nl/public_html/kleuren/kleiner BDwhimsical.JPG
2008.11.07 11:32 B C:\Documents and Settings\Tim\Mijn documenten\Website Sportbehaspecialist\kleuren\kleiner\BDwhisper.JPG --> www.underfashion.nl.pioneer.hostingxs.nl /domains/underfashion.nl/public_html/kleuren/kleiner BDwhisper.JPG
2008.11.07 11:32 B C:\Documents and Settings\Tim\Mijn documenten\Website Sportbehaspecialist\kleuren\kleiner\BDwhite-red.JPG --> www.underfashion.nl.pioneer.hostingxs.nl /domains/underfashion.nl/public_html/kleuren/kleiner BDwhite-red.JPG
2008.11.07 11:32 B C:\Documents and Settings\Tim\Mijn documenten\Website Sportbehaspecialist\kleuren\kleiner\BDwhite.JPG --> www.underfashion.nl.pioneer.hostingxs.nl /domains/underfashion.nl/public_html/kleuren/kleiner BDwhite.JPG
2008.11.07 11:32 B C:\Documents and Settings\Tim\Mijn documenten\Website Sportbehaspecialist\kleuren\kleiner\BDwisteria.JPG --> www.underfashion.nl.pioneer.hostingxs.nl /domains/underfashion.nl/public_html/kleuren/kleiner BDwisteria.JPG
2008.11.07 11:32 B C:\Documents and Settings\Tim\Mijn documenten\Website Sportbehaspecialist\kleuren\kleiner\BDworker.JPG --> www.underfashion.nl.pioneer.hostingxs.nl /domains/underfashion.nl/public_html/kleuren/kleiner BDworker.JPG
2008.11.07 11:32 B C:\Documents and Settings\Tim\Mijn documenten\Website Sportbehaspecialist\kleuren\kleiner\BDyellow.jpg --> www.underfashion.nl.pioneer.hostingxs.nl /domains/underfashion.nl/public_html/kleuren/kleiner BDyellow.jpg
2008.11.07 11:32 B C:\Documents and Settings\Tim\Mijn documenten\Website Sportbehaspecialist\kleuren\kleiner\BDyellowstone.JPG --> www.underfashion.nl.pioneer.hostingxs.nl /domains/underfashion.nl/public_html/kleuren/kleiner BDyellowstone.JPG
2008.11.07 11:32 B C:\Documents and Settings\Tim\Mijn documenten\Website Sportbehaspecialist\kleuren\kleiner\BDyouth.jpg --> www.underfashion.nl.pioneer.hostingxs.nl /domains/underfashion.nl/public_html/kleuren/kleiner BDyouth.jpg
2008.11.07 11:32 B C:\Documents and Settings\Tim\Mijn documenten\Website Sportbehaspecialist\kleuren\kleiner\BDzen.jpg --> www.underfashion.nl.pioneer.hostingxs.nl /domains/underfashion.nl/public_html/kleuren/kleiner BDzen.jpg
2008.11.07 11:32 B C:\Documents and Settings\Tim\Mijn documenten\Website Sportbehaspecialist\kleuren\kleiner\BEbordeaux 053.JPG --> www.underfashion.nl.pioneer.hostingxs.nl /domains/underfashion.nl/public_html/kleuren/kleiner BEbordeaux 053.JPG
2008.11.07 11:32 B C:\Documents and Settings\Tim\Mijn documenten\Website Sportbehaspecialist\kleuren\kleiner\BEchampagne 060.JPG --> www.underfashion.nl.pioneer.hostingxs.nl /domains/underfashion.nl/public_html/kleuren/kleiner BEchampagne 060.JPG
2008.11.07 11:32 B C:\Documents and Settings\Tim\Mijn documenten\Website Sportbehaspecialist\kleuren\kleiner\BEdonker bruin 162.JPG --> www.underfashion.nl.pioneer.hostingxs.nl /domains/underfashion.nl/public_html/kleuren/kleiner BEdonker bruin 162.JPG
2008.11.07 11:32 B C:\Documents and Settings\Tim\Mijn documenten\Website Sportbehaspecialist\kleuren\kleiner\BEpoeder 083.JPG --> www.underfashion.nl.pioneer.hostingxs.nl /domains/underfashion.nl/public_html/kleuren/kleiner BEpoeder 083.JPG
2008.11.07 11:32 B C:\Documents and Settings\Tim\Mijn documenten\Website Sportbehaspecialist\kleuren\kleiner\BErood 050.JPG --> www.underfashion.nl.pioneer.hostingxs.nl /domains/underfashion.nl/public_html/kleuren/kleiner BErood 050.JPG
2008.11.07 11:32 B C:\Documents and Settings\Tim\Mijn documenten\Website Sportbehaspecialist\kleuren\kleiner\BEtwo tone zwart 142.JPG --> www.underfashion.nl.pioneer.hostingxs.nl /domains/underfashion.nl/public_html/kleuren/kleiner BEtwo tone zwart 142.JPG
2008.11.07 11:32 B C:\Documents and Settings\Tim\Mijn documenten\Website Sportbehaspecialist\kleuren\kleiner\BEwit 010.JPG --> www.underfashion.nl.pioneer.hostingxs.nl /domains/underfashion.nl/public_html/kleuren/kleiner BEwit 010.JPG
2008.11.07 11:32 B C:\Documents and Settings\Tim\Mijn documenten\Website Sportbehaspecialist\kleuren\kleiner\BEzwart 020.JPG --> www.underfashion.nl.pioneer.hostingxs.nl /domains/underfashion.nl/public_html/kleuren/kleiner BEzwart 020.JPG
2008.11.07 11:32 B C:\Documents and Settings\Tim\Mijn documenten\Website Sportbehaspecialist\kleuren\kleiner\FI3 wit.JPG --> www.underfashion.nl.pioneer.hostingxs.nl /domains/underfashion.nl/public_html/kleuren/kleiner FI3 wit.JPG
2008.11.07 11:32 B C:\Documents and Settings\Tim\Mijn documenten\Website Sportbehaspecialist\kleuren\kleiner\FI4 zwart.JPG --> www.underfashion.nl.pioneer.hostingxs.nl /domains/underfashion.nl/public_html/kleuren/kleiner FI4 zwart.JPG
2008.11.07 11:32 B C:\Documents and Settings\Tim\Mijn documenten\Website Sportbehaspecialist\kleuren\kleiner\HO0003 white.JPG --> www.underfashion.nl.pioneer.hostingxs.nl /domains/underfashion.nl/public_html/kleuren/kleiner HO0003 white.JPG
2008.11.07 11:32 B C:\Documents and Settings\Tim\Mijn documenten\Website Sportbehaspecialist\kleuren\kleiner\HO0004 black.JPG --> www.underfashion.nl.pioneer.hostingxs.nl /domains/underfashion.nl/public_html/kleuren/kleiner HO0004 black.JPG
2008.11.07 11:32 B C:\Documents and Settings\Tim\Mijn documenten\Website Sportbehaspecialist\kleuren\kleiner\index.html --> www.underfashion.nl.pioneer.hostingxs.nl /domains/underfashion.nl/public_html/kleuren/kleiner index.html
2008.11.07 11:32 B C:\Documents and Settings\Tim\Mijn documenten\Website Sportbehaspecialist\kleuren\kleiner\OR 1000 white.JPG --> www.underfashion.nl.pioneer.hostingxs.nl /domains/underfashion.nl/public_html/kleuren/kleiner OR 1000 white.JPG
2008.11.07 11:32 B C:\Documents and Settings\Tim\Mijn documenten\Website Sportbehaspecialist\kleuren\kleiner\OR 2230 neutre.JPG --> www.underfashion.nl.pioneer.hostingxs.nl /domains/underfashion.nl/public_html/kleuren/kleiner OR 2230 neutre.JPG
2008.11.07 11:32 B C:\Documents and Settings\Tim\Mijn documenten\Website Sportbehaspecialist\kleuren\kleiner\OR1000 white.JPG --> www.underfashion.nl.pioneer.hostingxs.nl /domains/underfashion.nl/public_html/kleuren/kleiner OR1000 white.JPG
2008.11.07 11:32 B C:\Documents and Settings\Tim\Mijn documenten\Website Sportbehaspecialist\kleuren\kleiner\OR1000white.JPG --> www.underfashion.nl.pioneer.hostingxs.nl /domains/underfashion.nl/public_html/kleuren/kleiner OR1000white.JPG
2008.11.07 11:32 B C:\Documents and Settings\Tim\Mijn documenten\Website Sportbehaspecialist\kleuren\kleiner\OR1580 perla.JPG --> www.underfashion.nl.pioneer.hostingxs.nl /domains/underfashion.nl/public_html/kleuren/kleiner OR1580 perla.JPG
2008.11.07 11:33 B C:\Documents and Settings\Tim\Mijn documenten\Website Sportbehaspecialist\kleuren\kleiner\OR1580perla.JPG --> www.underfashion.nl.pioneer.hostingxs.nl /domains/underfashion.nl/public_html/kleuren/kleiner OR1580perla.JPG
2008.11.07 11:33 B C:\Documents and Settings\Tim\Mijn documenten\Website Sportbehaspecialist\kleuren\kleiner\OR2045 tundra.JPG --> www.underfashion.nl.pioneer.hostingxs.nl /domains/underfashion.nl/public_html/kleuren/kleiner OR2045 tundra.JPG
2008.11.07 11:33 B C:\Documents and Settings\Tim\Mijn documenten\Website Sportbehaspecialist\kleuren\kleiner\OR2045tundra.JPG --> www.underfashion.nl.pioneer.hostingxs.nl /domains/underfashion.nl/public_html/kleuren/kleiner OR2045tundra.JPG
2008.11.07 11:33 B C:\Documents and Settings\Tim\Mijn documenten\Website Sportbehaspecialist\kleuren\kleiner\OR2090 camel.JPG --> www.underfashion.nl.pioneer.hostingxs.nl /domains/underfashion.nl/public_html/kleuren/kleiner OR2090 camel.JPG
2008.11.07 11:33 B C:\Documents and Settings\Tim\Mijn documenten\Website Sportbehaspecialist\kleuren\kleiner\OR2090camel.JPG --> www.underfashion.nl.pioneer.hostingxs.nl /domains/underfashion.nl/public_html/kleuren/kleiner OR2090camel.JPG
2008.11.07 11:33 B C:\Documents and Settings\Tim\Mijn documenten\Website Sportbehaspecialist\kleuren\kleiner\OR2100 dune.JPG --> www.underfashion.nl.pioneer.hostingxs.nl /domains/underfashion.nl/public_html/kleuren/kleiner OR2100 dune.JPG
2008.11.07 11:33 B C:\Documents and Settings\Tim\Mijn documenten\Website Sportbehaspecialist\kleuren\kleiner\OR2100dune.JPG --> www.underfashion.nl.pioneer.hostingxs.nl /domains/underfashion.nl/public_html/kleuren/kleiner OR2100dune.JPG
2008.11.07 11:33 B C:\Documents and Settings\Tim\Mijn documenten\Website Sportbehaspecialist\kleuren\kleiner\OR2120 nude-look.JPG --> www.underfashion.nl.pioneer.hostingxs.nl /domains/underfashion.nl/public_html/kleuren/kleiner OR2120 nude-look.JPG
2008.11.07 11:33 B C:\Documents and Settings\Tim\Mijn documenten\Website Sportbehaspecialist\kleuren\kleiner\OR2120nude-look.JPG --> www.underfashion.nl.pioneer.hostingxs.nl /domains/underfashion.nl/public_html/kleuren/kleiner OR2120nude-look.JPG
2008.11.07 11:33 B C:\Documents and Settings\Tim\Mijn documenten\Website Sportbehaspecialist\kleuren\kleiner\OR2150 sun.JPG --> www.underfashion.nl.pioneer.hostingxs.nl /domains/underfashion.nl/public_html/kleuren/kleiner OR2150 sun.JPG
2008.11.07 11:33 B C:\Documents and Settings\Tim\Mijn documenten\Website Sportbehaspecialist\kleuren\kleiner\OR2150sun.JPG --> www.underfashion.nl.pioneer.hostingxs.nl /domains/underfashion.nl/public_html/kleuren/kleiner OR2150sun.JPG
2008.11.07 11:33 B C:\Documents and Settings\Tim\Mijn documenten\Website Sportbehaspecialist\kleuren\kleiner\OR2180 suntouch.JPG --> www.underfashion.nl.pioneer.hostingxs.nl /domains/underfashion.nl/public_html/kleuren/kleiner OR2180 suntouch.JPG
2008.11.07 11:33 B C:\Documents and Settings\Tim\Mijn documenten\Website Sportbehaspecialist\kleuren\kleiner\OR2180suntouch.JPG --> www.underfashion.nl.pioneer.hostingxs.nl /domains/underfashion.nl/public_html/kleuren/kleiner OR2180suntouch.JPG
2008.11.07 11:33 B C:\Documents and Settings\Tim\Mijn documenten\Website Sportbehaspecialist\kleuren\kleiner\OR2230 neutre.JPG --> www.underfashion.nl.pioneer.hostingxs.nl /domains/underfashion.nl/public_html/kleuren/kleiner OR2230 neutre.JPG
2008.11.07 11:33 B C:\Documents and Settings\Tim\Mijn documenten\Website Sportbehaspecialist\kleuren\kleiner\OR2230neutre.JPG --> www.underfashion.nl.pioneer.hostingxs.nl /domains/underfashion.nl/public_html/kleuren/kleiner OR2230neutre.JPG
2008.11.07 11:33 B C:\Documents and Settings\Tim\Mijn documenten\Website Sportbehaspecialist\kleuren\kleiner\OR2310 rio.JPG --> www.underfashion.nl.pioneer.hostingxs.nl /domains/underfashion.nl/public_html/kleuren/kleiner OR2310 rio.JPG
2008.11.07 11:33 B C:\Documents and Settings\Tim\Mijn documenten\Website Sportbehaspecialist\kleuren\kleiner\OR2310rio.JPG --> www.underfashion.nl.pioneer.hostingxs.nl /domains/underfashion.nl/public_html/kleuren/kleiner OR2310rio.JPG
2008.11.07 11:33 B C:\Documents and Settings\Tim\Mijn documenten\Website Sportbehaspecialist\kleuren\kleiner\OR2450 dore.JPG --> www.underfashion.nl.pioneer.hostingxs.nl /domains/underfashion.nl/public_html/kleuren/kleiner OR2450 dore.JPG
2008.11.07 11:33 B C:\Documents and Settings\Tim\Mijn documenten\Website Sportbehaspecialist\kleuren\kleiner\OR2450dore.JPG --> www.underfashion.nl.pioneer.hostingxs.nl /domains/underfashion.nl/public_html/kleuren/kleiner OR2450dore.JPG
2008.11.07 11:33 B C:\Documents and Settings\Tim\Mijn documenten\Website Sportbehaspecialist\kleuren\kleiner\OR2500 hazel.JPG --> www.underfashion.nl.pioneer.hostingxs.nl /domains/underfashion.nl/public_html/kleuren/kleiner OR2500 hazel.JPG
2008.11.07 11:33 B C:\Documents and Settings\Tim\Mijn documenten\Website Sportbehaspecialist\kleuren\kleiner\OR2500hazel.JPG --> www.underfashion.nl.pioneer.hostingxs.nl /domains/underfashion.nl/public_html/kleuren/kleiner OR2500hazel.JPG
2008.11.07 11:33 B C:\Documents and Settings\Tim\Mijn documenten\Website Sportbehaspecialist\kleuren\kleiner\OR3200 orient.JPG --> www.underfashion.nl.pioneer.hostingxs.nl /domains/underfashion.nl/public_html/kleuren/kleiner OR3200 orient.JPG
2008.11.07 11:33 B C:\Documents and Settings\Tim\Mijn documenten\Website Sportbehaspecialist\kleuren\kleiner\OR3200orient.JPG --> www.underfashion.nl.pioneer.hostingxs.nl /domains/underfashion.nl/public_html/kleuren/kleiner OR3200orient.JPG
2008.11.07 11:33 B C:\Documents and Settings\Tim\Mijn documenten\Website Sportbehaspecialist\kleuren\kleiner\OR3510 coconut.JPG --> www.underfashion.nl.pioneer.hostingxs.nl /domains/underfashion.nl/public_html/kleuren/kleiner OR3510 coconut.JPG
2008.11.07 11:33 B C:\Documents and Settings\Tim\Mijn documenten\Website Sportbehaspecialist\kleuren\kleiner\OR3510coconut.JPG --> www.underfashion.nl.pioneer.hostingxs.nl /domains/underfashion.nl/public_html/kleuren/kleiner OR3510coconut.JPG
2008.11.07 11:33 B C:\Documents and Settings\Tim\Mijn documenten\Website Sportbehaspecialist\kleuren\kleiner\OR3700 coca.JPG --> www.underfashion.nl.pioneer.hostingxs.nl /domains/underfashion.nl/public_html/kleuren/kleiner OR3700 coca.JPG
2008.11.07 11:33 B C:\Documents and Settings\Tim\Mijn documenten\Website Sportbehaspecialist\kleuren\kleiner\OR3700coca.JPG --> www.underfashion.nl.pioneer.hostingxs.nl /domains/underfashion.nl/public_html/kleuren/kleiner OR3700coca.JPG
2008.11.07 11:33 B C:\Documents and Settings\Tim\Mijn documenten\Website Sportbehaspecialist\kleuren\kleiner\OR3975 moka.JPG --> www.underfashion.nl.pioneer.hostingxs.nl /domains/underfashion.nl/public_html/kleuren/kleiner OR3975 moka.JPG
2008.11.07 11:33 B C:\Documents and Settings\Tim\Mijn documenten\Website Sportbehaspecialist\kleuren\kleiner\OR3975moka.JPG --> www.underfashion.nl.pioneer.hostingxs.nl /domains/underfashion.nl/public_html/kleuren/kleiner OR3975moka.JPG
2008.11.07 11:33 B C:\Documents and Settings\Tim\Mijn documenten\Website Sportbehaspecialist\kleuren\kleiner\OR5210 marina.JPG --> www.underfashion.nl.pioneer.hostingxs.nl /domains/underfashion.nl/public_html/kleuren/kleiner OR5210 marina.JPG
2008.11.07 11:33 B C:\Documents and Settings\Tim\Mijn documenten\Website Sportbehaspecialist\kleuren\kleiner\OR5210marina.JPG --> www.underfashion.nl.pioneer.hostingxs.nl /domains/underfashion.nl/public_html/kleuren/kleiner OR5210marina.JPG
2008.11.07 11:33 B C:\Documents and Settings\Tim\Mijn documenten\Website Sportbehaspecialist\kleuren\kleiner\OR5900 admiral.JPG --> www.underfashion.nl.pioneer.hostingxs.nl /domains/underfashion.nl/public_html/kleuren/kleiner OR5900 admiral.JPG
2008.11.07 11:33 B C:\Documents and Settings\Tim\Mijn documenten\Website Sportbehaspecialist\kleuren\kleiner\OR5900admiral.JPG --> www.underfashion.nl.pioneer.hostingxs.nl /domains/underfashion.nl/public_html/kleuren/kleiner OR5900admiral.JPG
2008.11.07 11:33 B C:\Documents and Settings\Tim\Mijn documenten\Website Sportbehaspecialist\kleuren\kleiner\OR6840 militare.JPG --> www.underfashion.nl.pioneer.hostingxs.nl /domains/underfashion.nl/public_html/kleuren/kleiner OR6840 militare.JPG
2008.11.07 11:33 B C:\Documents and Settings\Tim\Mijn documenten\Website Sportbehaspecialist\kleuren\kleiner\OR6840militare.JPG --> www.underfashion.nl.pioneer.hostingxs.nl /domains/underfashion.nl/public_html/kleuren/kleiner OR6840militare.JPG
2008.11.07 11:33 B C:\Documents and Settings\Tim\Mijn documenten\Website Sportbehaspecialist\kleuren\kleiner\OR9400 graphit.JPG --> www.underfashion.nl.pioneer.hostingxs.nl /domains/underfashion.nl/public_html/kleuren/kleiner OR9400 graphit.JPG
2008.11.07 11:33 B C:\Documents and Settings\Tim\Mijn documenten\Website Sportbehaspecialist\kleuren\kleiner\OR9400graphit.JPG --> www.underfashion.nl.pioneer.hostingxs.nl /domains/underfashion.nl/public_html/kleuren/kleiner OR9400graphit.JPG
2008.11.07 11:33 B C:\Documents and Settings\Tim\Mijn documenten\Website Sportbehaspecialist\kleuren\kleiner\OR9750 singapour.JPG --> www.underfashion.nl.pioneer.hostingxs.nl /domains/underfashion.nl/public_html/kleuren/kleiner OR9750 singapour.JPG
2008.11.07 11:33 B C:\Documents and Settings\Tim\Mijn documenten\Website Sportbehaspecialist\kleuren\kleiner\OR9750singapour.JPG --> www.underfashion.nl.pioneer.hostingxs.nl /domains/underfashion.nl/public_html/kleuren/kleiner OR9750singapour.JPG
2008.11.07 11:33 B C:\Documents and Settings\Tim\Mijn documenten\Website Sportbehaspecialist\kleuren\kleiner\OR9900 nearly black.JPG --> www.underfashion.nl.pioneer.hostingxs.nl /domains/underfashion.nl/public_html/kleuren/kleiner OR9900 nearly black.JPG
2008.11.07 11:33 B C:\Documents and Settings\Tim\Mijn documenten\Website Sportbehaspecialist\kleuren\kleiner\OR9900nearly black.JPG --> www.underfashion.nl.pioneer.hostingxs.nl /domains/underfashion.nl/public_html/kleuren/kleiner OR9900nearly black.JPG
2008.11.07 11:33 B C:\Documents and Settings\Tim\Mijn documenten\Website Sportbehaspecialist\kleuren\kleiner\OR9999 black.JPG --> www.underfashion.nl.pioneer.hostingxs.nl /domains/underfashion.nl/public_html/kleuren/kleiner OR9999 black.JPG
2008.11.07 11:33 B C:\Documents and Settings\Tim\Mijn documenten\Website Sportbehaspecialist\kleuren\kleiner\OR9999black.JPG --> www.underfashion.nl.pioneer.hostingxs.nl /domains/underfashion.nl/public_html/kleuren/kleiner OR9999black.JPG
2008.11.07 11:33 B C:\Documents and Settings\Tim\Mijn documenten\Website Sportbehaspecialist\kleuren\kleiner\ORadmiral.JPG --> www.underfashion.nl.pioneer.hostingxs.nl /domains/underfashion.nl/public_html/kleuren/kleiner ORadmiral.JPG
2008.11.07 11:33 B C:\Documents and Settings\Tim\Mijn documenten\Website Sportbehaspecialist\kleuren\kleiner\ORblack.JPG --> www.underfashion.nl.pioneer.hostingxs.nl /domains/underfashion.nl/public_html/kleuren/kleiner ORblack.JPG
2008.11.07 11:33 B C:\Documents and Settings\Tim\Mijn documenten\Website Sportbehaspecialist\kleuren\kleiner\ORcamel.JPG --> www.underfashion.nl.pioneer.hostingxs.nl /domains/underfashion.nl/public_html/kleuren/kleiner ORcamel.JPG
2008.11.07 11:33 B C:\Documents and Settings\Tim\Mijn documenten\Website Sportbehaspecialist\kleuren\kleiner\ORcoca.JPG --> www.underfashion.nl.pioneer.hostingxs.nl /domains/underfashion.nl/public_html/kleuren/kleiner ORcoca.JPG
2008.11.07 11:33 B C:\Documents and Settings\Tim\Mijn documenten\Website Sportbehaspecialist\kleuren\kleiner\ORdune.JPG --> www.underfashion.nl.pioneer.hostingxs.nl /domains/underfashion.nl/public_html/kleuren/kleiner ORdune.JPG
2008.11.07 11:33 B C:\Documents and Settings\Tim\Mijn documenten\Website Sportbehaspecialist\kleuren\kleiner\ORgraphit.JPG --> www.underfashion.nl.pioneer.hostingxs.nl /domains/underfashion.nl/public_html/kleuren/kleiner ORgraphit.JPG
2008.11.07 11:33 B C:\Documents and Settings\Tim\Mijn documenten\Website Sportbehaspecialist\kleuren\kleiner\ORhazel.JPG --> www.underfashion.nl.pioneer.hostingxs.nl /domains/underfashion.nl/public_html/kleuren/kleiner ORhazel.JPG
2008.11.07 11:33 B C:\Documents and Settings\Tim\Mijn documenten\Website Sportbehaspecialist\kleuren\kleiner\ORmilitare.JPG --> www.underfashion.nl.pioneer.hostingxs.nl /domains/underfashion.nl/public_html/kleuren/kleiner ORmilitare.JPG
2008.11.07 11:33 B C:\Documents and Settings\Tim\Mijn documenten\Website Sportbehaspecialist\kleuren\kleiner\ORmoka.JPG --> www.underfashion.nl.pioneer.hostingxs.nl /domains/underfashion.nl/public_html/kleuren/kleiner ORmoka.JPG
2008.11.07 11:33 B C:\Documents and Settings\Tim\Mijn documenten\Website Sportbehaspecialist\kleuren\kleiner\ORnearly black.JPG --> www.underfashion.nl.pioneer.hostingxs.nl /domains/underfashion.nl/public_html/kleuren/kleiner ORnearly black.JPG
2008.11.07 11:33 B C:\Documents and Settings\Tim\Mijn documenten\Website Sportbehaspecialist\kleuren\kleiner\ORorient.JPG --> www.underfashion.nl.pioneer.hostingxs.nl /domains/underfashion.nl/public_html/kleuren/kleiner ORorient.JPG
2008.11.07 11:33 B C:\Documents and Settings\Tim\Mijn documenten\Website Sportbehaspecialist\kleuren\kleiner\ORrio.JPG --> www.underfashion.nl.pioneer.hostingxs.nl /domains/underfashion.nl/public_html/kleuren/kleiner ORrio.JPG
2008.11.07 11:33 B C:\Documents and Settings\Tim\Mijn documenten\Website Sportbehaspecialist\kleuren\kleiner\ORsingapour.JPG --> www.underfashion.nl.pioneer.hostingxs.nl /domains/underfashion.nl/public_html/kleuren/kleiner ORsingapour.JPG
2008.11.07 11:33 B C:\Documents and Settings\Tim\Mijn documenten\Website Sportbehaspecialist\kleuren\kleiner\ORsuntouch.JPG --> www.underfashion.nl.pioneer.hostingxs.nl /domains/underfashion.nl/public_html/kleuren/kleiner ORsuntouch.JPG
2008.11.07 11:33 B C:\Documents and Settings\Tim\Mijn documenten\Website Sportbehaspecialist\kleuren\kleiner\ORtundra.JPG --> www.underfashion.nl.pioneer.hostingxs.nl /domains/underfashion.nl/public_html/kleuren/kleiner ORtundra.JPG
2008.11.07 11:33 B C:\Documents and Settings\Tim\Mijn documenten\Website Sportbehaspecialist\kleuren\kleiner\SAB-W.JPG --> www.underfashion.nl.pioneer.hostingxs.nl /domains/underfashion.nl/public_html/kleuren/kleiner SAB-W.JPG
2008.11.07 11:33 B C:\Documents and Settings\Tim\Mijn documenten\Website Sportbehaspecialist\kleuren\kleiner\SABberrypink.JPG --> www.underfashion.nl.pioneer.hostingxs.nl /domains/underfashion.nl/public_html/kleuren/kleiner SABberrypink.JPG
2008.11.07 11:33 B C:\Documents and Settings\Tim\Mijn documenten\Website Sportbehaspecialist\kleuren\kleiner\SAberrypink.JPG --> www.underfashion.nl.pioneer.hostingxs.nl /domains/underfashion.nl/public_html/kleuren/kleiner SAberrypink.JPG
2008.11.07 11:33 B C:\Documents and Settings\Tim\Mijn documenten\Website Sportbehaspecialist\kleuren\kleiner\SABLK.JPG --> www.underfashion.nl.pioneer.hostingxs.nl /domains/underfashion.nl/public_html/kleuren/kleiner SABLK.JPG
2008.11.07 11:33 B C:\Documents and Settings\Tim\Mijn documenten\Website Sportbehaspecialist\kleuren\kleiner\SABpinkberry.JPG --> www.underfashion.nl.pioneer.hostingxs.nl /domains/underfashion.nl/public_html/kleuren/kleiner SABpinkberry.JPG
2008.11.07 11:33 B C:\Documents and Settings\Tim\Mijn documenten\Website Sportbehaspecialist\kleuren\kleiner\SApinkberry.JPG --> www.underfashion.nl.pioneer.hostingxs.nl /domains/underfashion.nl/public_html/kleuren/kleiner SApinkberry.JPG
2008.11.07 11:33 B C:\Documents and Settings\Tim\Mijn documenten\Website Sportbehaspecialist\kleuren\kleiner\SApinkgrey.JPG --> www.underfashion.nl.pioneer.hostingxs.nl /domains/underfashion.nl/public_html/kleuren/kleiner SApinkgrey.JPG
2008.11.07 11:33 B C:\Documents and Settings\Tim\Mijn documenten\Website Sportbehaspecialist\kleuren\kleiner\SAW-B.JPG --> www.underfashion.nl.pioneer.hostingxs.nl /domains/underfashion.nl/public_html/kleuren/kleiner SAW-B.JPG
2008.11.07 11:33 B C:\Documents and Settings\Tim\Mijn documenten\Website Sportbehaspecialist\kleuren\kleiner\SAWHT.JPG --> www.underfashion.nl.pioneer.hostingxs.nl /domains/underfashion.nl/public_html/kleuren/kleiner SAWHT.JPG
2008.11.07 11:33 B C:\Documents and Settings\Tim\Mijn documenten\Website Sportbehaspecialist\kleuren\kleiner\SL0003 wit.JPG --> www.underfashion.nl.pioneer.hostingxs.nl /domains/underfashion.nl/public_html/kleuren/kleiner SL0003 wit.JPG
2008.11.07 11:33 B C:\Documents and Settings\Tim\Mijn documenten\Website Sportbehaspecialist\kleuren\kleiner\SL0004 zwart.JPG --> www.underfashion.nl.pioneer.hostingxs.nl /domains/underfashion.nl/public_html/kleuren/kleiner SL0004 zwart.JPG
2008.11.07 11:33 B C:\Documents and Settings\Tim\Mijn documenten\Website Sportbehaspecialist\kleuren\kleiner\SL0026 huid.JPG --> www.underfashion.nl.pioneer.hostingxs.nl /domains/underfashion.nl/public_html/kleuren/kleiner SL0026 huid.JPG
2008.11.07 11:33 B C:\Documents and Settings\Tim\Mijn documenten\Website Sportbehaspecialist\kleuren\kleiner\SL0029 caramel.JPG --> www.underfashion.nl.pioneer.hostingxs.nl /domains/underfashion.nl/public_html/kleuren/kleiner SL0029 caramel.JPG
2008.11.07 11:33 B C:\Documents and Settings\Tim\Mijn documenten\Website Sportbehaspecialist\kleuren\kleiner\SL0034 grijs melee.JPG --> www.underfashion.nl.pioneer.hostingxs.nl /domains/underfashion.nl/public_html/kleuren/kleiner SL0034 grijs melee.JPG
2008.11.07 11:33 B C:\Documents and Settings\Tim\Mijn documenten\Website Sportbehaspecialist\kleuren\kleiner\SL0038 ivoor.JPG --> www.underfashion.nl.pioneer.hostingxs.nl /domains/underfashion.nl/public_html/kleuren/kleiner SL0038 ivoor.JPG
2008.11.07 11:34 B C:\Documents and Settings\Tim\Mijn documenten\Website Sportbehaspecialist\kleuren\kleiner\SL0080 marine.JPG --> www.underfashion.nl.pioneer.hostingxs.nl /domains/underfashion.nl/public_html/kleuren/kleiner SL0080 marine.JPG
2008.11.07 11:34 B C:\Documents and Settings\Tim\Mijn documenten\Website Sportbehaspecialist\kleuren\kleiner\SL00Bl blue.JPG --> www.underfashion.nl.pioneer.hostingxs.nl /domains/underfashion.nl/public_html/kleuren/kleiner SL00Bl blue.JPG
2008.11.07 11:34 B C:\Documents and Settings\Tim\Mijn documenten\Website Sportbehaspecialist\kleuren\kleiner\SL00KF poeder.JPG --> www.underfashion.nl.pioneer.hostingxs.nl /domains/underfashion.nl/public_html/kleuren/kleiner SL00KF poeder.JPG
2008.11.07 11:34 B C:\Documents and Settings\Tim\Mijn documenten\Website Sportbehaspecialist\kleuren\kleiner\SL00NQ grijs.JPG --> www.underfashion.nl.pioneer.hostingxs.nl /domains/underfashion.nl/public_html/kleuren/kleiner SL00NQ grijs.JPG
2008.11.07 11:34 B C:\Documents and Settings\Tim\Mijn documenten\Website Sportbehaspecialist\kleuren\kleiner\SL00SA iceblue.JPG --> www.underfashion.nl.pioneer.hostingxs.nl /domains/underfashion.nl/public_html/kleuren/kleiner SL00SA iceblue.JPG
2008.11.07 11:34 B C:\Documents and Settings\Tim\Mijn documenten\Website Sportbehaspecialist\kleuren\kleiner\SL1131 pink.JPG --> www.underfashion.nl.pioneer.hostingxs.nl /domains/underfashion.nl/public_html/kleuren/kleiner SL1131 pink.JPG
2008.11.07 11:34 B C:\Documents and Settings\Tim\Mijn documenten\Website Sportbehaspecialist\kleuren\kleiner\SL1359 rood.JPG --> www.underfashion.nl.pioneer.hostingxs.nl /domains/underfashion.nl/public_html/kleuren/kleiner SL1359 rood.JPG
2008.11.07 11:34 B C:\Documents and Settings\Tim\Mijn documenten\Website Sportbehaspecialist\kleuren\kleiner\SL3146 terra.JPG --> www.underfashion.nl.pioneer.hostingxs.nl /domains/underfashion.nl/public_html/kleuren/kleiner SL3146 terra.JPG
2008.11.07 11:34 B C:\Documents and Settings\Tim\Mijn documenten\Website Sportbehaspecialist\kleuren\kleiner\TCaqua sky 122.JPG --> www.underfashion.nl.pioneer.hostingxs.nl /domains/underfashion.nl/public_html/kleuren/kleiner TCaqua sky 122.JPG
2008.11.07 11:34 B C:\Documents and Settings\Tim\Mijn documenten\Website Sportbehaspecialist\kleuren\kleiner\TCarmy.JPG --> www.underfashion.nl.pioneer.hostingxs.nl /domains/underfashion.nl/public_html/kleuren/kleiner TCarmy.JPG
2008.11.07 11:34 B C:\Documents and Settings\Tim\Mijn documenten\Website Sportbehaspecialist\kleuren\kleiner\TCblack 090.JPG --> www.underfashion.nl.pioneer.hostingxs.nl /domains/underfashion.nl/public_html/kleuren/kleiner TCblack 090.JPG
2008.11.07 11:34 B C:\Documents and Settings\Tim\Mijn documenten\Website Sportbehaspecialist\kleuren\kleiner\TCblack.JPG --> www.underfashion.nl.pioneer.hostingxs.nl /domains/underfashion.nl/public_html/kleuren/kleiner TCblack.JPG
2008.11.07 11:34 B C:\Documents and Settings\Tim\Mijn documenten\Website Sportbehaspecialist\kleuren\kleiner\TCblossom 045.JPG --> www.underfashion.nl.pioneer.hostingxs.nl /domains/underfashion.nl/public_html/kleuren/kleiner TCblossom 045.JPG
2008.11.07 11:34 B C:\Documents and Settings\Tim\Mijn documenten\Website Sportbehaspecialist\kleuren\kleiner\TCcacao 035.JPG --> www.underfashion.nl.pioneer.hostingxs.nl /domains/underfashion.nl/public_html/kleuren/kleiner TCcacao 035.JPG
2008.11.07 11:34 B C:\Documents and Settings\Tim\Mijn documenten\Website Sportbehaspecialist\kleuren\kleiner\TCcamouflage.JPG --> www.underfashion.nl.pioneer.hostingxs.nl /domains/underfashion.nl/public_html/kleuren/kleiner TCcamouflage.JPG
2008.11.07 11:34 B C:\Documents and Settings\Tim\Mijn documenten\Website Sportbehaspecialist\kleuren\kleiner\TCcool blue 156.JPG --> www.underfashion.nl.pioneer.hostingxs.nl /domains/underfashion.nl/public_html/kleuren/kleiner TCcool blue 156.JPG
2008.11.07 11:34 B C:\Documents and Settings\Tim\Mijn documenten\Website Sportbehaspecialist\kleuren\kleiner\TCcream 002.JPG --> www.underfashion.nl.pioneer.hostingxs.nl /domains/underfashion.nl/public_html/kleuren/kleiner TCcream 002.JPG
2008.11.07 11:34 B C:\Documents and Settings\Tim\Mijn documenten\Website Sportbehaspecialist\kleuren\kleiner\TCcrown.JPG --> www.underfashion.nl.pioneer.hostingxs.nl /domains/underfashion.nl/public_html/kleuren/kleiner TCcrown.JPG
2008.11.07 11:34 B C:\Documents and Settings\Tim\Mijn documenten\Website Sportbehaspecialist\kleuren\kleiner\TCdblue.JPG --> www.underfashion.nl.pioneer.hostingxs.nl /domains/underfashion.nl/public_html/kleuren/kleiner TCdblue.JPG
2008.11.07 11:34 B C:\Documents and Settings\Tim\Mijn documenten\Website Sportbehaspecialist\kleuren\kleiner\TCforrest 157.JPG --> www.underfashion.nl.pioneer.hostingxs.nl /domains/underfashion.nl/public_html/kleuren/kleiner TCforrest 157.JPG
2008.11.07 11:34 B C:\Documents and Settings\Tim\Mijn documenten\Website Sportbehaspecialist\kleuren\kleiner\TCfunny stripes 857.JPG --> www.underfashion.nl.pioneer.hostingxs.nl /domains/underfashion.nl/public_html/kleuren/kleiner TCfunny stripes 857.JPG
2008.11.07 11:34 B C:\Documents and Settings\Tim\Mijn documenten\Website Sportbehaspecialist\kleuren\kleiner\TCfunny stripes.JPG --> www.underfashion.nl.pioneer.hostingxs.nl /domains/underfashion.nl/public_html/kleuren/kleiner TCfunny stripes.JPG
2008.11.07 11:34 B C:\Documents and Settings\Tim\Mijn documenten\Website Sportbehaspecialist\kleuren\kleiner\TCgrenadine 158.JPG --> www.underfashion.nl.pioneer.hostingxs.nl /domains/underfashion.nl/public_html/kleuren/kleiner TCgrenadine 158.JPG
2008.11.07 11:34 B C:\Documents and Settings\Tim\Mijn documenten\Website Sportbehaspecialist\kleuren\kleiner\TCgrijs.JPG --> www.underfashion.nl.pioneer.hostingxs.nl /domains/underfashion.nl/public_html/kleuren/kleiner TCgrijs.JPG
2008.11.07 11:34 B C:\Documents and Settings\Tim\Mijn documenten\Website Sportbehaspecialist\kleuren\kleiner\TClavendel.JPG --> www.underfashion.nl.pioneer.hostingxs.nl /domains/underfashion.nl/public_html/kleuren/kleiner TClavendel.JPG
2008.11.07 11:34 B C:\Documents and Settings\Tim\Mijn documenten\Website Sportbehaspecialist\kleuren\kleiner\TClgrey.JPG --> www.underfashion.nl.pioneer.hostingxs.nl /domains/underfashion.nl/public_html/kleuren/kleiner TClgrey.JPG
2008.11.07 11:34 B C:\Documents and Settings\Tim\Mijn documenten\Website Sportbehaspecialist\kleuren\kleiner\TClpink.JPG --> www.underfashion.nl.pioneer.hostingxs.nl /domains/underfashion.nl/public_html/kleuren/kleiner TClpink.JPG
2008.11.07 11:34 B C:\Documents and Settings\Tim\Mijn documenten\Website Sportbehaspecialist\kleuren\kleiner\TCmulti flowers 916.JPG --> www.underfashion.nl.pioneer.hostingxs.nl /domains/underfashion.nl/public_html/kleuren/kleiner TCmulti flowers 916.JPG
2008.11.07 11:34 B C:\Documents and Settings\Tim\Mijn documenten\Website Sportbehaspecialist\kleuren\kleiner\TCnude 028.JPG --> www.underfashion.nl.pioneer.hostingxs.nl /domains/underfashion.nl/public_html/kleuren/kleiner TCnude 028.JPG
2008.11.07 11:34 B C:\Documents and Settings\Tim\Mijn documenten\Website Sportbehaspecialist\kleuren\kleiner\TCparadise pink 173.JPG --> www.underfashion.nl.pioneer.hostingxs.nl /domains/underfashion.nl/public_html/kleuren/kleiner TCparadise pink 173.JPG
2008.11.07 11:34 B C:\Documents and Settings\Tim\Mijn documenten\Website Sportbehaspecialist\kleuren\kleiner\TCstripe.JPG --> www.underfashion.nl.pioneer.hostingxs.nl /domains/underfashion.nl/public_html/kleuren/kleiner TCstripe.JPG
2008.11.07 11:34 B C:\Documents and Settings\Tim\Mijn documenten\Website Sportbehaspecialist\kleuren\kleiner\TCtrue red 082.JPG --> www.underfashion.nl.pioneer.hostingxs.nl /domains/underfashion.nl/public_html/kleuren/kleiner TCtrue red 082.JPG
2008.11.07 11:34 B C:\Documents and Settings\Tim\Mijn documenten\Website Sportbehaspecialist\kleuren\kleiner\TCwhite 001.JPG --> www.underfashion.nl.pioneer.hostingxs.nl /domains/underfashion.nl/public_html/kleuren/kleiner TCwhite 001.JPG
2008.11.07 11:34 B C:\Documents and Settings\Tim\Mijn documenten\Website Sportbehaspecialist\kleuren\kleiner\TCwhite.JPG --> www.underfashion.nl.pioneer.hostingxs.nl /domains/underfashion.nl/public_html/kleuren/kleiner TCwhite.JPG
2008.11.07 11:34 B C:\Documents and Settings\Tim\Mijn documenten\Website Sportbehaspecialist\kleuren\kleiner\TCwit.JPG --> www.underfashion.nl.pioneer.hostingxs.nl /domains/underfashion.nl/public_html/kleuren/kleiner TCwit.JPG
2008.11.07 11:34 B C:\Documents and Settings\Tim\Mijn documenten\Website Sportbehaspecialist\kleuren\kleiner\TCzwart.JPG --> www.underfashion.nl.pioneer.hostingxs.nl /domains/underfashion.nl/public_html/kleuren/kleiner TCzwart.JPG
2008.11.07 11:34 B C:\Documents and Settings\Tim\Mijn documenten\Website Sportbehaspecialist\kleuren\kleiner\TE001 white.JPG --> www.underfashion.nl.pioneer.hostingxs.nl /domains/underfashion.nl/public_html/kleuren/kleiner TE001 white.JPG
2008.11.07 11:34 B C:\Documents and Settings\Tim\Mijn documenten\Website Sportbehaspecialist\kleuren\kleiner\TE001white.JPG --> www.underfashion.nl.pioneer.hostingxs.nl /domains/underfashion.nl/public_html/kleuren/kleiner TE001white.JPG
2008.11.07 11:34 B C:\Documents and Settings\Tim\Mijn documenten\Website Sportbehaspecialist\kleuren\kleiner\TE330 smallblue.JPG --> www.underfashion.nl.pioneer.hostingxs.nl /domains/underfashion.nl/public_html/kleuren/kleiner TE330 smallblue.JPG
2008.11.07 11:34 B C:\Documents and Settings\Tim\Mijn documenten\Website Sportbehaspecialist\kleuren\kleiner\TE330smallblue.JPG --> www.underfashion.nl.pioneer.hostingxs.nl /domains/underfashion.nl/public_html/kleuren/kleiner TE330smallblue.JPG
2008.11.07 11:34 B C:\Documents and Settings\Tim\Mijn documenten\Website Sportbehaspecialist\kleuren\kleiner\TE331 bigblue.JPG --> www.underfashion.nl.pioneer.hostingxs.nl /domains/underfashion.nl/public_html/kleuren/kleiner TE331 bigblue.JPG
2008.11.07 11:34 B C:\Documents and Settings\Tim\Mijn documenten\Website Sportbehaspecialist\kleuren\kleiner\TE331bigblue.JPG --> www.underfashion.nl.pioneer.hostingxs.nl /domains/underfashion.nl/public_html/kleuren/kleiner TE331bigblue.JPG
2008.11.07 11:34 B C:\Documents and Settings\Tim\Mijn documenten\Website Sportbehaspecialist\kleuren\kleiner\TE350 smallpink.JPG --> www.underfashion.nl.pioneer.hostingxs.nl /domains/underfashion.nl/public_html/kleuren/kleiner TE350 smallpink.JPG
2008.11.07 11:34 B C:\Documents and Settings\Tim\Mijn documenten\Website Sportbehaspecialist\kleuren\kleiner\TE350smallpink.JPG --> www.underfashion.nl.pioneer.hostingxs.nl /domains/underfashion.nl/public_html/kleuren/kleiner TE350smallpink.JPG
2008.11.07 11:34 B C:\Documents and Settings\Tim\Mijn documenten\Website Sportbehaspecialist\kleuren\kleiner\TE351 bigpink.JPG --> www.underfashion.nl.pioneer.hostingxs.nl /domains/underfashion.nl/public_html/kleuren/kleiner TE351 bigpink.JPG
2008.11.07 11:34 B C:\Documents and Settings\Tim\Mijn documenten\Website Sportbehaspecialist\kleuren\kleiner\TE351bigpink.JPG --> www.underfashion.nl.pioneer.hostingxs.nl /domains/underfashion.nl/public_html/kleuren/kleiner TE351bigpink.JPG
2008.11.07 11:34 B C:\Documents and Settings\Tim\Mijn documenten\Website Sportbehaspecialist\kleuren\kleiner\Tr0003 wit.JPG --> www.underfashion.nl.pioneer.hostingxs.nl /domains/underfashion.nl/public_html/kleuren/kleiner Tr0003 wit.JPG
2008.11.07 11:34 B C:\Documents and Settings\Tim\Mijn documenten\Website Sportbehaspecialist\kleuren\kleiner\Tr0004 zwart.JPG --> www.underfashion.nl.pioneer.hostingxs.nl /domains/underfashion.nl/public_html/kleuren/kleiner Tr0004 zwart.JPG
2008.11.07 11:34 B C:\Documents and Settings\Tim\Mijn documenten\Website Sportbehaspecialist\kleuren\kleiner\TR00GR grey.JPG --> www.underfashion.nl.pioneer.hostingxs.nl /domains/underfashion.nl/public_html/kleuren/kleiner TR00GR grey.JPG
2008.11.07 11:34 B C:\Documents and Settings\Tim\Mijn documenten\Website Sportbehaspecialist\kleuren\kleiner\Tr00GT vanille.JPG --> www.underfashion.nl.pioneer.hostingxs.nl /domains/underfashion.nl/public_html/kleuren/kleiner Tr00GT vanille.JPG
2008.11.07 11:34 B C:\Documents and Settings\Tim\Mijn documenten\Website Sportbehaspecialist\kleuren\kleiner\Tr00KF poeder.JPG --> www.underfashion.nl.pioneer.hostingxs.nl /domains/underfashion.nl/public_html/kleuren/kleiner Tr00KF poeder.JPG
2008.11.07 11:34 B C:\Documents and Settings\Tim\Mijn documenten\Website Sportbehaspecialist\kleuren\kleiner\Tr1546 cafelatte.JPG --> www.underfashion.nl.pioneer.hostingxs.nl /domains/underfashion.nl/public_html/kleuren/kleiner Tr1546 cafelatte.JPG
2008.11.07 11:34 B C:\Documents and Settings\Tim\Mijn documenten\Website Sportbehaspecialist\kleuren\kleiner\Tr1546cafelatte.JPG --> www.underfashion.nl.pioneer.hostingxs.nl /domains/underfashion.nl/public_html/kleuren/kleiner Tr1546cafelatte.JPG
2008.11.07 11:34 B C:\Documents and Settings\Tim\Mijn documenten\Website Sportbehaspecialist\kleuren\kleiner\TTecru 006.JPG --> www.underfashion.nl.pioneer.hostingxs.nl /domains/underfashion.nl/public_html/kleuren/kleiner TTecru 006.JPG
2008.11.07 11:34 B C:\Documents and Settings\Tim\Mijn documenten\Website Sportbehaspecialist\kleuren\kleiner\TTwhite 001.JPG --> www.underfashion.nl.pioneer.hostingxs.nl /domains/underfashion.nl/public_html/kleuren/kleiner TTwhite 001.JPG
2008.11.07 11:34 B C:\Documents and Settings\Tim\Mijn documenten\Website Sportbehaspecialist\kleuren\kleiner\TW420 zwart.JPG --> www.underfashion.nl.pioneer.hostingxs.nl /domains/underfashion.nl/public_html/kleuren/kleiner TW420 zwart.JPG
2008.11.07 11:34 B C:\Documents and Settings\Tim\Mijn documenten\Website Sportbehaspecialist\kleuren\kleiner\TW490 blauw.JPG --> www.underfashion.nl.pioneer.hostingxs.nl /domains/underfashion.nl/public_html/kleuren/kleiner TW490 blauw.JPG
2008.11.07 11:34 B C:\Documents and Settings\Tim\Mijn documenten\Website Sportbehaspecialist\kleuren\kleiner\TWblack 090.JPG --> www.underfashion.nl.pioneer.hostingxs.nl /domains/underfashion.nl/public_html/kleuren/kleiner TWblack 090.JPG
2008.11.07 11:34 B C:\Documents and Settings\Tim\Mijn documenten\Website Sportbehaspecialist\kleuren\kleiner\TWblauw.JPG --> www.underfashion.nl.pioneer.hostingxs.nl /domains/underfashion.nl/public_html/kleuren/kleiner TWblauw.JPG
2008.11.07 11:34 B C:\Documents and Settings\Tim\Mijn documenten\Website Sportbehaspecialist\kleuren\kleiner\TWgeel.JPG --> www.underfashion.nl.pioneer.hostingxs.nl /domains/underfashion.nl/public_html/kleuren/kleiner TWgeel.JPG
2008.11.07 11:34 B C:\Documents and Settings\Tim\Mijn documenten\Website Sportbehaspecialist\kleuren\kleiner\TWtrue red 082.JPG --> www.underfashion.nl.pioneer.hostingxs.nl /domains/underfashion.nl/public_html/kleuren/kleiner TWtrue red 082.JPG
2008.11.07 11:34 B C:\Documents and Settings\Tim\Mijn documenten\Website Sportbehaspecialist\kleuren\kleiner\WS_FTP.LOG --> www.underfashion.nl.pioneer.hostingxs.nl /domains/underfashion.nl/public_html/kleuren/kleiner WS_FTP.LOG
