[Thu, 30 Oct 2014 22:55:10 +0000] (N); Creating database scheme
[Thu, 30 Oct 2014 22:55:18 +0000] (N); Importing data
[Thu, 30 Oct 2014 22:55:21 +0000] (N); Installing additional language en
[Thu, 30 Oct 2014 22:55:59 +0000] (N); access_restrictions add-on installed
[Thu, 30 Oct 2014 22:55:59 +0000] (N); attachments add-on installed
[Thu, 30 Oct 2014 22:56:00 +0000] (N); banners add-on installed
[Thu, 30 Oct 2014 22:56:00 +0000] (N); barcode add-on installed
[Thu, 30 Oct 2014 22:56:01 +0000] (N); bestsellers add-on installed
[Thu, 30 Oct 2014 22:56:02 +0000] (N); buy_together add-on installed
[Thu, 30 Oct 2014 22:56:02 +0000] (N); call_requests add-on installed
[Thu, 30 Oct 2014 22:56:03 +0000] (N); catalog_mode add-on installed
[Thu, 30 Oct 2014 22:56:03 +0000] (N); customers_also_bought add-on installed
[Thu, 30 Oct 2014 22:56:03 +0000] (N); data_feeds add-on installed
[Thu, 30 Oct 2014 22:56:06 +0000] (N); discussion add-on installed
[Thu, 30 Oct 2014 22:56:07 +0000] (N); email_marketing add-on installed
[Thu, 30 Oct 2014 22:56:07 +0000] (N); form_builder add-on installed
[Thu, 30 Oct 2014 22:56:09 +0000] (N); gift_certificates add-on installed
[Thu, 30 Oct 2014 22:56:09 +0000] (N); google_analytics add-on installed
[Thu, 30 Oct 2014 22:56:10 +0000] (N); google_sitemap add-on installed
[Thu, 30 Oct 2014 22:56:11 +0000] (N); help_tutorial add-on installed
[Thu, 30 Oct 2014 22:56:11 +0000] (N); hidpi add-on installed
[Thu, 30 Oct 2014 22:56:14 +0000] (N); hybrid_auth add-on installed
[Thu, 30 Oct 2014 22:56:15 +0000] (N); image_zoom add-on installed
[Thu, 30 Oct 2014 22:56:15 +0000] (N); janrain add-on installed
[Thu, 30 Oct 2014 22:56:15 +0000] (N); my_changes add-on installed
[Thu, 30 Oct 2014 22:56:18 +0000] (N); news_and_emails add-on installed
[Thu, 30 Oct 2014 22:56:19 +0000] (N); polls add-on installed
[Thu, 30 Oct 2014 22:56:20 +0000] (N); price_list add-on installed
[Thu, 30 Oct 2014 22:56:20 +0000] (N); required_products add-on installed
[Thu, 30 Oct 2014 22:56:22 +0000] (N); reward_points add-on installed
[Thu, 30 Oct 2014 22:56:24 +0000] (N); rma add-on installed
[Thu, 30 Oct 2014 22:56:25 +0000] (N); rss_feed add-on installed
[Thu, 30 Oct 2014 22:56:26 +0000] (N); seo add-on installed
[Thu, 30 Oct 2014 22:56:30 +0000] (N); social_buttons add-on installed
[Thu, 30 Oct 2014 22:56:30 +0000] (N); store_locator add-on installed
[Thu, 30 Oct 2014 22:56:31 +0000] (N); tags add-on installed
[Thu, 30 Oct 2014 22:56:32 +0000] (N); twigmo add-on installed
[Thu, 30 Oct 2014 22:56:32 +0000] (N); watermarks add-on installed
[Thu, 30 Oct 2014 22:56:33 +0000] (N); wishlist add-on installed
